This is pdfTeX, Version 3.14159265-2.6-1.40.20 (TeX Live 2019/Debian) (preloaded format=pdflatex 2020.4.28)  2 JUN 2020 23:57
entering extended mode
 restricted \write18 enabled.
 %&-line parsing enabled.
**TrabajoFinalAA.tex
(./TrabajoFinalAA.tex
LaTeX2e <2020-02-02> patch level 2
L3 programming layer <2020-02-14> (./uc3mpracticas.cls
(/usr/share/texlive/texmf-dist/tex/latex/base/article.cls
Document Class: article 2019/12/20 v1.4l Standard LaTeX document class
(/usr/share/texlive/texmf-dist/tex/latex/base/size10.clo
File: size10.clo 2019/12/20 v1.4l Standard LaTeX file (size option)
)
\c@part=\count167
\c@section=\count168
\c@subsection=\count169
\c@subsubsection=\count170
\c@paragraph=\count171
\c@subparagraph=\count172
\c@figure=\count173
\c@table=\count174
\abovecaptionskip=\skip47
\belowcaptionskip=\skip48
\bibindent=\dimen134
)
Document Class: uc3mpracticas 2020/03/05 Clase personalizada de Alejandro Valve
rde para prácticas de la UC3M
(/usr/share/texlive/texmf-dist/tex/latex/fancyhdr/fancyhdr.sty
Package: fancyhdr 2019/01/31 v3.10 Extensive control of page headers and footer
s
\f@nch@headwidth=\skip49
\f@nch@O@elh=\skip50
\f@nch@O@erh=\skip51
\f@nch@O@olh=\skip52
\f@nch@O@orh=\skip53
\f@nch@O@elf=\skip54
\f@nch@O@erf=\skip55
\f@nch@O@olf=\skip56
\f@nch@O@orf=\skip57
)
(/usr/share/texlive/texmf-dist/tex/generic/babel/babel.sty
Package: babel 2020/02/14 3.40 The Babel package

(/usr/share/texlive/texmf-dist/tex/generic/babel/switch.def
File: switch.def 2020/02/14 3.40 Babel switching mechanism
)
(/usr/share/texlive/texmf-dist/tex/generic/babel-spanish/spanish.ldf
Language: spanish.ldf 2016/03/03 v5.0p Spanish support from the babel system

(/usr/share/texlive/texmf-dist/tex/generic/babel/babel.def
File: babel.def 2020/02/14 3.40 Babel common definitions
\babel@savecnt=\count175
\U@D=\dimen135

(/usr/share/texlive/texmf-dist/tex/generic/babel/txtbabel.def)
\bbl@readstream=\read2
\bbl@dirlevel=\count176
)
\es@quottoks=\toks14
\es@quotdepth=\count177
))
(/usr/share/texlive/texmf-dist/tex/latex/geometry/geometry.sty
Package: geometry 2020/01/02 v5.9 Page Geometry

(/usr/share/texlive/texmf-dist/tex/latex/graphics/keyval.sty
Package: keyval 2014/10/28 v1.15 key=value parser (DPC)
\KV@toks@=\toks15
)
(/usr/share/texlive/texmf-dist/tex/generic/iftex/ifvtex.sty
Package: ifvtex 2019/10/25 v1.7 ifvtex legacy package. Use iftex instead.

(/usr/share/texlive/texmf-dist/tex/generic/iftex/iftex.sty
Package: iftex 2019/11/07 v1.0c TeX engine tests
))
\Gm@cnth=\count178
\Gm@cntv=\count179
\c@Gm@tempcnt=\count180
\Gm@bindingoffset=\dimen136
\Gm@wd@mp=\dimen137
\Gm@odd@mp=\dimen138
\Gm@even@mp=\dimen139
\Gm@layoutwidth=\dimen140
\Gm@layoutheight=\dimen141
\Gm@layouthoffset=\dimen142
\Gm@layoutvoffset=\dimen143
\Gm@dimlist=\toks16
)
(/usr/share/texlive/texmf-dist/tex/latex/lastpage/lastpage.sty
Package: lastpage 2015/03/29 v1.2m Refers to last page's name (HMM; JPG)
)
(/usr/share/texlive/texmf-dist/tex/latex/base/inputenc.sty
Package: inputenc 2018/08/11 v1.3c Input encoding file
\inpenc@prehook=\toks17
\inpenc@posthook=\toks18
)
(/usr/share/texlive/texmf-dist/tex/latex/etoolbox/etoolbox.sty
Package: etoolbox 2019/09/21 v2.5h e-TeX tools for LaTeX (JAW)
\etb@tempcnta=\count181
)
(/usr/share/texlive/texmf-dist/tex/latex/graphics/graphicx.sty
Package: graphicx 2019/11/30 v1.2a Enhanced LaTeX Graphics (DPC,SPQR)

(/usr/share/texlive/texmf-dist/tex/latex/graphics/graphics.sty
Package: graphics 2019/11/30 v1.4a Standard LaTeX Graphics (DPC,SPQR)

(/usr/share/texlive/texmf-dist/tex/latex/graphics/trig.sty
Package: trig 2016/01/03 v1.10 sin cos tan (DPC)
)
(/usr/share/texlive/texmf-dist/tex/latex/graphics-cfg/graphics.cfg
File: graphics.cfg 2016/06/04 v1.11 sample graphics configuration
)
Package graphics Info: Driver file: pdftex.def on input line 105.

(/usr/share/texlive/texmf-dist/tex/latex/graphics-def/pdftex.def
File: pdftex.def 2018/01/08 v1.0l Graphics/color driver for pdftex
))
\Gin@req@height=\dimen144
\Gin@req@width=\dimen145
)
(/usr/share/texlive/texmf-dist/tex/latex/tools/multicol.sty
Package: multicol 2019/12/09 v1.8y multicolumn formatting (FMi)
\c@tracingmulticols=\count182
\mult@box=\box45
\multicol@leftmargin=\dimen146
\c@unbalance=\count183
\c@collectmore=\count184
\doublecol@number=\count185
\multicoltolerance=\count186
\multicolpretolerance=\count187
\full@width=\dimen147
\page@free=\dimen148
\premulticols=\dimen149
\postmulticols=\dimen150
\multicolsep=\skip58
\multicolbaselineskip=\skip59
\partial@page=\box46
\last@line=\box47
\maxbalancingoverflow=\dimen151
\mult@rightbox=\box48
\mult@grightbox=\box49
\mult@gfirstbox=\box50
\mult@firstbox=\box51
\@tempa=\box52
\@tempa=\box53
\@tempa=\box54
\@tempa=\box55
\@tempa=\box56
\@tempa=\box57
\@tempa=\box58
\@tempa=\box59
\@tempa=\box60
\@tempa=\box61
\@tempa=\box62
\@tempa=\box63
\@tempa=\box64
\@tempa=\box65
\@tempa=\box66
\@tempa=\box67
\@tempa=\box68
\@tempa=\box69
\@tempa=\box70
\@tempa=\box71
\@tempa=\box72
\@tempa=\box73
\@tempa=\box74
\@tempa=\box75
\@tempa=\box76
\@tempa=\box77
\@tempa=\box78
\@tempa=\box79
\@tempa=\box80
\@tempa=\box81
\@tempa=\box82
\@tempa=\box83
\@tempa=\box84
\@tempa=\box85
\@tempa=\box86
\@tempa=\box87
\@tempa=\box88
\c@minrows=\count188
\c@columnbadness=\count189
\c@finalcolumnbadness=\count190
\last@try=\dimen152
\multicolovershoot=\dimen153
\multicolundershoot=\dimen154
\mult@nat@firstbox=\box89
\colbreak@box=\box90
\mc@col@check@num=\count191
)
(/usr/share/texlive/texmf-dist/tex/latex/ragged2e/ragged2e.sty
Package: ragged2e 2019/07/28 v2.2 ragged2e Package (MS)

(/usr/share/texlive/texmf-dist/tex/latex/ms/everysel.sty
Package: everysel 2011/10/28 v1.2 EverySelectfont Package (MS)
)
\CenteringLeftskip=\skip60
\RaggedLeftLeftskip=\skip61
\RaggedRightLeftskip=\skip62
\CenteringRightskip=\skip63
\RaggedLeftRightskip=\skip64
\RaggedRightRightskip=\skip65
\CenteringParfillskip=\skip66
\RaggedLeftParfillskip=\skip67
\RaggedRightParfillskip=\skip68
\JustifyingParfillskip=\skip69
\CenteringParindent=\skip70
\RaggedLeftParindent=\skip71
\RaggedRightParindent=\skip72
\JustifyingParindent=\skip73
)
(/usr/share/texlive/texmf-dist/tex/latex/base/fontenc.sty
Package: fontenc 2020/02/11 v2.0o Standard LaTeX package
)
(/usr/share/texlive/texmf-dist/tex/latex/psnfss/helvet.sty
Package: helvet 2005/04/12 PSNFSS-v9.2a (WaS) 
)
(/usr/share/texlive/texmf-dist/tex/latex/hyperref/hyperref.sty
Package: hyperref 2020/01/14 v7.00d Hypertext links for LaTeX

(/usr/share/texlive/texmf-dist/tex/generic/ltxcmds/ltxcmds.sty
Package: ltxcmds 2019/12/15 v1.24 LaTeX kernel commands for general use (HO)
)
(/usr/share/texlive/texmf-dist/tex/latex/pdftexcmds/pdftexcmds.sty
Package: pdftexcmds 2019/11/24 v0.31 Utility functions of pdfTeX for LuaTeX (HO
)

(/usr/share/texlive/texmf-dist/tex/generic/infwarerr/infwarerr.sty
Package: infwarerr 2019/12/03 v1.5 Providing info/warning/error messages (HO)
)
Package pdftexcmds Info: \pdf@primitive is available.
Package pdftexcmds Info: \pdf@ifprimitive is available.
Package pdftexcmds Info: \pdfdraftmode found.
)
(/usr/share/texlive/texmf-dist/tex/generic/kvsetkeys/kvsetkeys.sty
Package: kvsetkeys 2019/12/15 v1.18 Key value parser (HO)
)
(/usr/share/texlive/texmf-dist/tex/generic/kvdefinekeys/kvdefinekeys.sty
Package: kvdefinekeys 2019-12-19 v1.6 Define keys (HO)
)
(/usr/share/texlive/texmf-dist/tex/generic/pdfescape/pdfescape.sty
Package: pdfescape 2019/12/09 v1.15 Implements pdfTeX's escape features (HO)
)
(/usr/share/texlive/texmf-dist/tex/latex/hycolor/hycolor.sty
Package: hycolor 2020-01-27 v1.10 Color options for hyperref/bookmark (HO)
)
(/usr/share/texlive/texmf-dist/tex/latex/letltxmacro/letltxmacro.sty
Package: letltxmacro 2019/12/03 v1.6 Let assignment for LaTeX macros (HO)
)
(/usr/share/texlive/texmf-dist/tex/latex/auxhook/auxhook.sty
Package: auxhook 2019-12-17 v1.6 Hooks for auxiliary files (HO)
)
(/usr/share/texlive/texmf-dist/tex/latex/kvoptions/kvoptions.sty
Package: kvoptions 2019/11/29 v3.13 Key value format for package options (HO)
)
\@linkdim=\dimen155
\Hy@linkcounter=\count192
\Hy@pagecounter=\count193

(/usr/share/texlive/texmf-dist/tex/latex/hyperref/pd1enc.def
File: pd1enc.def 2020/01/14 v7.00d Hyperref: PDFDocEncoding definition (HO)
Now handling font encoding PD1 ...
... no UTF-8 mapping file for font encoding PD1
)
(/usr/share/texlive/texmf-dist/tex/generic/intcalc/intcalc.sty
Package: intcalc 2019/12/15 v1.3 Expandable calculations with integers (HO)
)
(/usr/share/texlive/texmf-dist/tex/generic/etexcmds/etexcmds.sty
Package: etexcmds 2019/12/15 v1.7 Avoid name clashes with e-TeX commands (HO)
)
\Hy@SavedSpaceFactor=\count194
\pdfmajorversion=\count195
Package hyperref Info: Hyper figures OFF on input line 4547.
Package hyperref Info: Link nesting OFF on input line 4552.
Package hyperref Info: Hyper index ON on input line 4555.
Package hyperref Info: Plain pages OFF on input line 4562.
Package hyperref Info: Backreferencing OFF on input line 4567.
Package hyperref Info: Implicit mode ON; LaTeX internals redefined.
Package hyperref Info: Bookmarks ON on input line 4800.
\c@Hy@tempcnt=\count196

(/usr/share/texlive/texmf-dist/tex/latex/url/url.sty
\Urlmuskip=\muskip16
Package: url 2013/09/16  ver 3.4  Verb mode for urls, etc.
)
LaTeX Info: Redefining \url on input line 5159.
\XeTeXLinkMargin=\dimen156

(/usr/share/texlive/texmf-dist/tex/generic/bitset/bitset.sty
Package: bitset 2019/12/09 v1.3 Handle bit-vector datatype (HO)

(/usr/share/texlive/texmf-dist/tex/generic/bigintcalc/bigintcalc.sty
Package: bigintcalc 2019/12/15 v1.5 Expandable calculations on big integers (HO
)
))
\Fld@menulength=\count197
\Field@Width=\dimen157
\Fld@charsize=\dimen158
Package hyperref Info: Hyper figures OFF on input line 6430.
Package hyperref Info: Link nesting OFF on input line 6435.
Package hyperref Info: Hyper index ON on input line 6438.
Package hyperref Info: backreferencing OFF on input line 6445.
Package hyperref Info: Link coloring OFF on input line 6450.
Package hyperref Info: Link coloring with OCG OFF on input line 6455.
Package hyperref Info: PDF/A mode OFF on input line 6460.
LaTeX Info: Redefining \ref on input line 6500.
LaTeX Info: Redefining \pageref on input line 6504.

(/usr/share/texlive/texmf-dist/tex/generic/atbegshi/atbegshi.sty
Package: atbegshi 2019/12/05 v1.19 At begin shipout hook (HO)
)
\Hy@abspage=\count198
\c@Item=\count199
\c@Hfootnote=\count266
)
Package hyperref Info: Driver (autodetected): hpdftex.

(/usr/share/texlive/texmf-dist/tex/latex/hyperref/hpdftex.def
File: hpdftex.def 2020/01/14 v7.00d Hyperref driver for pdfTeX

(/usr/share/texlive/texmf-dist/tex/latex/atveryend/atveryend.sty
Package: atveryend 2019-12-11 v1.11 Hooks at the very end of document (HO)
)
\Fld@listcount=\count267
\c@bookmark@seq@number=\count268

(/usr/share/texlive/texmf-dist/tex/latex/rerunfilecheck/rerunfilecheck.sty
Package: rerunfilecheck 2019/12/05 v1.9 Rerun checks for auxiliary files (HO)

(/usr/share/texlive/texmf-dist/tex/generic/uniquecounter/uniquecounter.sty
Package: uniquecounter 2019/12/15 v1.4 Provide unlimited unique counter (HO)
)
Package uniquecounter Info: New unique counter `rerunfilecheck' on input line 2
86.
)
\Hy@SectionHShift=\skip74
)
Package hyperref Info: Option `colorlinks' set `true' on input line 52.
)
(/usr/share/texlive/texmf-dist/tex/latex/float/float.sty
Package: float 2001/11/08 v1.3d Float enhancements (AL)
\c@float@type=\count269
\float@exts=\toks19
\float@box=\box91
\@float@everytoks=\toks20
\@floatcapt=\box92
)
(/usr/share/texlive/texmf-dist/tex/latex/adjustbox/adjustbox.sty
Package: adjustbox 2019/01/04 v1.2 Adjusting TeX boxes (trim, clip, ...)

(/usr/share/texlive/texmf-dist/tex/latex/xkeyval/xkeyval.sty
Package: xkeyval 2014/12/03 v2.7a package option processing (HA)

(/usr/share/texlive/texmf-dist/tex/generic/xkeyval/xkeyval.tex
(/usr/share/texlive/texmf-dist/tex/generic/xkeyval/xkvutils.tex
\XKV@toks=\toks21
\XKV@tempa@toks=\toks22
)
\XKV@depth=\count270
File: xkeyval.tex 2014/12/03 v2.7a key=value parser (HA)
))
(/usr/share/texlive/texmf-dist/tex/latex/adjustbox/adjcalc.sty
Package: adjcalc 2012/05/16 v1.1 Provides advanced setlength with multiple back
-ends (calc, etex, pgfmath)
)
(/usr/share/texlive/texmf-dist/tex/latex/adjustbox/trimclip.sty
Package: trimclip 2018/04/08 v1.1 Trim and clip general TeX material

(/usr/share/texlive/texmf-dist/tex/latex/collectbox/collectbox.sty
Package: collectbox 2012/05/17 v0.4b Collect macro arguments as boxes
\collectedbox=\box93
)
\tc@llx=\dimen159
\tc@lly=\dimen160
\tc@urx=\dimen161
\tc@ury=\dimen162
Package trimclip Info: Using driver 'tc-pdftex.def'.

(/usr/share/texlive/texmf-dist/tex/latex/adjustbox/tc-pdftex.def
File: tc-pdftex.def 2019/01/04 v2.2 Clipping driver for pdftex
))
\adjbox@Width=\dimen163
\adjbox@Height=\dimen164
\adjbox@Depth=\dimen165
\adjbox@Totalheight=\dimen166
\adjbox@pwidth=\dimen167
\adjbox@pheight=\dimen168
\adjbox@pdepth=\dimen169
\adjbox@ptotalheight=\dimen170

(/usr/share/texlive/texmf-dist/tex/latex/ifoddpage/ifoddpage.sty
Package: ifoddpage 2016/04/23 v1.1 Conditionals for odd/even page detection
\c@checkoddpage=\count271
)
(/usr/share/texlive/texmf-dist/tex/latex/varwidth/varwidth.sty
Package: varwidth 2009/03/30 ver 0.92;  Variable-width minipages
\@vwid@box=\box94
\sift@deathcycles=\count272
\@vwid@loff=\dimen171
\@vwid@roff=\dimen172
))
(/usr/share/texlive/texmf-dist/tex/latex/caption/caption.sty
Package: caption 2020/01/03 v3.4h Customizing captions (AR)

(/usr/share/texlive/texmf-dist/tex/latex/caption/caption3.sty
Package: caption3 2020/01/03 v1.8h caption3 kernel (AR)
Package caption3 Info: TeX engine: e-TeX on input line 61.
\captionmargin=\dimen173
\captionmargin@=\dimen174
\captionwidth=\dimen175
\caption@tempdima=\dimen176
\caption@indent=\dimen177
\caption@parindent=\dimen178
\caption@hangindent=\dimen179
Package caption Info: Standard document class detected.
)
\c@caption@flags=\count273
\c@continuedfloat=\count274
Package caption Info: float package is loaded.
Package caption Info: hyperref package is loaded.
)
(/usr/share/texlive/texmf-dist/tex/latex/caption/subcaption.sty
Package: subcaption 2020/01/22 v1.3d Sub-captions (AR)
\c@subfigure=\count275
\c@subtable=\count276
)
(/usr/share/texlive/texmf-dist/tex/latex/l3backend/l3backend-pdfmode.def
File: l3backend-pdfmode.def 2020-02-03 L3 backend support: PDF mode
\l__kernel_color_stack_int=\count277
\l__pdf_internal_box=\box95
)
(./TrabajoFinalAA.aux
LaTeX Info: Redefining \. on input line 21.
LaTeX Info: Redefining \% on input line 21.
)
\openout1 = `TrabajoFinalAA.aux'.

LaTeX Font Info:    Checking defaults for OML/cmm/m/it on input line 38.
LaTeX Font Info:    ... okay on input line 38.
LaTeX Font Info:    Checking defaults for OMS/cmsy/m/n on input line 38.
LaTeX Font Info:    ... okay on input line 38.
LaTeX Font Info:    Checking defaults for OT1/cmr/m/n on input line 38.
LaTeX Font Info:    ... okay on input line 38.
LaTeX Font Info:    Checking defaults for T1/cmr/m/n on input line 38.
LaTeX Font Info:    ... okay on input line 38.
LaTeX Font Info:    Checking defaults for TS1/cmr/m/n on input line 38.
LaTeX Font Info:    ... okay on input line 38.
LaTeX Font Info:    Checking defaults for OMX/cmex/m/n on input line 38.
LaTeX Font Info:    ... okay on input line 38.
LaTeX Font Info:    Checking defaults for U/cmr/m/n on input line 38.
LaTeX Font Info:    ... okay on input line 38.
LaTeX Font Info:    Checking defaults for PD1/pdf/m/n on input line 38.
LaTeX Font Info:    ... okay on input line 38.
LaTeX Font Info:    Trying to load font information for T1+phv on input line 38
.
 (/usr/share/texlive/texmf-dist/tex/latex/psnfss/t1phv.fd
File: t1phv.fd 2001/06/04 scalable font definitions for T1/phv.
)
LaTeX Font Info:    Font shape `T1/phv/m/n' will be
(Font)              scaled to size 9.49997pt on input line 38.
LaTeX Info: Redefining \. on input line 38.
LaTeX Info: Redefining \% on input line 38.

*geometry* driver: auto-detecting
*geometry* detected driver: pdftex
*geometry* verbose mode - [ preamble ] result:
* driver: pdftex
* paper: <default>
* layout: <same size as paper>
* layoutoffset:(h,v)=(0.0pt,0.0pt)
* modes: 
* h-part:(L,W,R)=(71.13188pt, 472.03123pt, 71.13188pt)
* v-part:(T,H,B)=(71.13188pt, 652.70622pt, 71.13188pt)
* \paperwidth=614.295pt
* \paperheight=794.96999pt
* \textwidth=472.03123pt
* \textheight=652.70622pt
* \oddsidemargin=-1.1381pt
* \evensidemargin=-1.1381pt
* \topmargin=-38.1381pt
* \headheight=12.0pt
* \headsep=25.0pt
* \topskip=10.0pt
* \footskip=30.0pt
* \marginparwidth=65.0pt
* \marginparsep=11.0pt
* \columnsep=10.0pt
* \skip\footins=9.0pt plus 4.0pt minus 2.0pt
* \hoffset=0.0pt
* \voffset=0.0pt
* \mag=1000
* \@twocolumnfalse
* \@twosidefalse
* \@mparswitchfalse
* \@reversemarginfalse
* (1in=72.27pt=25.4mm, 1cm=28.453pt)

Package lastpage Info: Please have a look at the pageslts package at
(lastpage)             https://www.ctan.org/pkg/pageslts
(lastpage)             ! on input line 38.
(/usr/share/texlive/texmf-dist/tex/context/base/mkii/supp-pdf.mkii
[Loading MPS to PDF converter (version 2006.09.02).]
\scratchcounter=\count278
\scratchdimen=\dimen180
\scratchbox=\box96
\nofMPsegments=\count279
\nofMParguments=\count280
\everyMPshowfont=\toks23
\MPscratchCnt=\count281
\MPscratchDim=\dimen181
\MPnumerator=\count282
\makeMPintoPDFobject=\count283
\everyMPtoPDFconversion=\toks24
) (/usr/share/texlive/texmf-dist/tex/latex/epstopdf-pkg/epstopdf-base.sty
Package: epstopdf-base 2020-01-24 v2.11 Base part for package epstopdf
Package epstopdf-base Info: Redefining graphics rule for `.eps' on input line 4
85.

(/usr/share/texlive/texmf-dist/tex/latex/latexconfig/epstopdf-sys.cfg
File: epstopdf-sys.cfg 2010/07/13 v1.3 Configuration of (r)epstopdf for TeX Liv
e
))
ABD: EverySelectfont initializing macros
LaTeX Info: Redefining \selectfont on input line 38.
\AtBeginShipoutBox=\box97

(/usr/share/texlive/texmf-dist/tex/latex/graphics/color.sty
Package: color 2019/11/23 v1.2a Standard LaTeX Color (DPC)

(/usr/share/texlive/texmf-dist/tex/latex/graphics-cfg/color.cfg
File: color.cfg 2016/01/02 v1.6 sample color configuration
)
Package color Info: Driver file: pdftex.def on input line 147.
)
Package hyperref Info: Link coloring ON on input line 38.

(/usr/share/texlive/texmf-dist/tex/latex/hyperref/nameref.sty
Package: nameref 2019/09/16 v2.46 Cross-referencing by name of section

(/usr/share/texlive/texmf-dist/tex/latex/refcount/refcount.sty
Package: refcount 2019/12/15 v3.6 Data extraction from label references (HO)
)
(/usr/share/texlive/texmf-dist/tex/generic/gettitlestring/gettitlestring.sty
Package: gettitlestring 2019/12/15 v1.6 Cleanup title references (HO)
)
\c@section@level=\count284
)
LaTeX Info: Redefining \ref on input line 38.
LaTeX Info: Redefining \pageref on input line 38.
LaTeX Info: Redefining \nameref on input line 38.

(./TrabajoFinalAA.out) (./TrabajoFinalAA.out)
\@outlinefile=\write3
\openout3 = `TrabajoFinalAA.out'.

Package caption Info: Begin \AtBeginDocument code.
Package caption Info: End \AtBeginDocument code.
<Images/SmallLogo.jpg, id=28, 216.81pt x 87.2058pt>
File: Images/SmallLogo.jpg Graphic file (type jpg)
<use Images/SmallLogo.jpg>
Package pdftex.def Info: Images/SmallLogo.jpg  used on input line 44.
(pdftex.def)             Requested size: 227.62204pt x 91.55945pt.
LaTeX Font Info:    Font shape `T1/phv/m/n' will be
(Font)              scaled to size 16.41594pt on input line 44.
LaTeX Font Info:    Font shape `T1/phv/m/n' will be
(Font)              scaled to size 13.67995pt on input line 44.
LaTeX Font Info:    Font shape `T1/phv/b/n' will be
(Font)              scaled to size 13.67995pt on input line 44.
LaTeX Font Info:    Font shape `T1/phv/b/n' will be
(Font)              scaled to size 16.41594pt on input line 44.
LaTeX Font Info:    Font shape `T1/phv/b/n' will be
(Font)              scaled to size 23.63593pt on input line 44.
LaTeX Font Info:    Font shape `T1/phv/b/n' will be
(Font)              scaled to size 9.49997pt on input line 48.
LaTeX Font Info:    Font shape `T1/phv/b/n' will be
(Font)              scaled to size 11.39996pt on input line 48.
LaTeX Font Info:    External font `cmex10' loaded for size
(Font)              <7> on input line 48.
LaTeX Font Info:    External font `cmex10' loaded for size
(Font)              <5> on input line 48.
LaTeX Font Info:    Font shape `T1/phv/m/it' in size <10> not available
(Font)              Font shape `T1/phv/m/sl' tried instead on input line 48.
LaTeX Font Info:    Font shape `T1/phv/m/sl' will be
(Font)              scaled to size 9.49997pt on input line 48.
 [1

{/var/lib/texmf/fonts/map/pdftex/updmap/pdftex.map} <./Images/SmallLogo.jpg>] (
./TrabajoFinalAA.toc
LaTeX Info: Redefining \. on input line 1.
LaTeX Info: Redefining \% on input line 1.
)
\tf@toc=\write4
\openout4 = `TrabajoFinalAA.toc'.


(./TrabajoFinalAA.lof
LaTeX Info: Redefining \. on input line 1.
LaTeX Info: Redefining \% on input line 1.
)
\tf@lof=\write5
\openout5 = `TrabajoFinalAA.lof'.

 [2]
<Images/coronaviridae/coronaviridae_0009.jpg, id=69, 1835.50258pt x 2642.12903p
t>
File: Images/coronaviridae/coronaviridae_0009.jpg Graphic file (type jpg)
<use Images/coronaviridae/coronaviridae_0009.jpg>
Package pdftex.def Info: Images/coronaviridae/coronaviridae_0009.jpg  used on i
nput line 92.
(pdftex.def)             Requested size: 1835.49811pt x 2642.12262pt.
 [3 <./Images/coronaviridae/coronaviridae_0009.jpg>]
<Images/coronaviridae/coronaviridae_0001.jpg, id=81, 445.1832pt x 600.8046pt>
File: Images/coronaviridae/coronaviridae_0001.jpg Graphic file (type jpg)
<use Images/coronaviridae/coronaviridae_0001.jpg>
Package pdftex.def Info: Images/coronaviridae/coronaviridae_0001.jpg  used on i
nput line 121.
(pdftex.def)             Requested size: 445.18211pt x 600.80312pt.

Overfull \hbox (0.79997pt too wide) in paragraph at lines 121--122
[][] 
 []

LaTeX Font Info:    Font shape `T1/phv/m/n' will be
(Font)              scaled to size 8.54997pt on input line 122.
LaTeX Font Info:    Font shape `T1/phv/m/it' in size <9> not available
(Font)              Font shape `T1/phv/m/sl' tried instead on input line 122.
LaTeX Font Info:    Font shape `T1/phv/m/sl' will be
(Font)              scaled to size 8.54997pt on input line 122.
<Images/other/other_0021.jpg, id=82, 319.1925pt x 249.21104pt>
File: Images/other/other_0021.jpg Graphic file (type jpg)
<use Images/other/other_0021.jpg>
Package pdftex.def Info: Images/other/other_0021.jpg  used on input line 126.
(pdftex.def)             Requested size: 141.60918pt x 99.58377pt.

Overfull \hbox (0.79836pt too wide) in paragraph at lines 126--127
[][] 
 []

<Images/blank/blank_0019.jpg, id=83, 129.50784pt x 79.06339pt>
File: Images/blank/blank_0019.jpg Graphic file (type jpg)
<use Images/blank/blank_0019.jpg>
Package pdftex.def Info: Images/blank/blank_0019.jpg  used on input line 131.
(pdftex.def)             Requested size: 141.61722pt x 99.58537pt.

Overfull \hbox (0.8064pt too wide) in paragraph at lines 131--132
[][] 
 []

LaTeX Font Info:    Font shape `T1/phv/b/it' in size <10> not available
(Font)              Font shape `T1/phv/b/sl' tried instead on input line 179.
LaTeX Font Info:    Font shape `T1/phv/b/sl' will be
(Font)              scaled to size 9.49997pt on input line 179.
[4 <./Images/coronaviridae/coronaviridae_0001.jpg> <./Images/other/other_0021.j
pg> <./Images/blank/blank_0019.jpg>]
LaTeX Font Info:    Trying to load font information for TS1+phv on input line 1
87.

(/usr/share/texlive/texmf-dist/tex/latex/psnfss/ts1phv.fd
File: ts1phv.fd 2001/06/04 scalable font definitions for TS1/phv.
)
LaTeX Font Info:    Font shape `TS1/phv/m/n' will be
(Font)              scaled to size 9.49997pt on input line 187.
<Images/og.png, id=89, 218.8175pt x 216.81pt>
File: Images/og.png Graphic file (type png)
<use Images/og.png>
Package pdftex.def Info: Images/og.png  used on input line 196.
(pdftex.def)             Requested size: 108.56516pt x 107.57104pt.

Overfull \hbox (0.79999pt too wide) in paragraph at lines 196--197
[][] 
 []

<Images/rot901.png, id=91, 217.81375pt x 217.81375pt>
File: Images/rot901.png Graphic file (type png)
<use Images/rot901.png>
Package pdftex.def Info: Images/rot901.png  used on input line 201.
(pdftex.def)             Requested size: 108.56516pt x 108.56427pt.

Overfull \hbox (0.79999pt too wide) in paragraph at lines 201--202
[][] 
 []

LaTeX Font Info:    Font shape `TS1/phv/m/n' will be
(Font)              scaled to size 8.54997pt on input line 202.
<Images/rot902.png, id=92, 217.81375pt x 217.81375pt>
File: Images/rot902.png Graphic file (type png)
<use Images/rot902.png>
Package pdftex.def Info: Images/rot902.png  used on input line 206.
(pdftex.def)             Requested size: 108.56516pt x 108.56427pt.

Overfull \hbox (0.79999pt too wide) in paragraph at lines 206--207
[][] 
 []

<Images/rot903.png, id=93, 217.81375pt x 218.8175pt>
File: Images/rot903.png Graphic file (type png)
<use Images/rot903.png>
Package pdftex.def Info: Images/rot903.png  used on input line 211.
(pdftex.def)             Requested size: 108.56516pt x 109.06456pt.

Overfull \hbox (0.79999pt too wide) in paragraph at lines 211--212
[][] 
 []

File: Images/og.png Graphic file (type png)
<use Images/og.png>
Package pdftex.def Info: Images/og.png  used on input line 222.
(pdftex.def)             Requested size: 108.56516pt x 107.57104pt.

Overfull \hbox (0.79999pt too wide) in paragraph at lines 222--223
[][] 
 []

<Images/voltArrAbj.png, id=94, 218.8175pt x 217.81375pt>
File: Images/voltArrAbj.png Graphic file (type png)
<use Images/voltArrAbj.png>
Package pdftex.def Info: Images/voltArrAbj.png  used on input line 227.
(pdftex.def)             Requested size: 108.56516pt x 108.06906pt.

Overfull \hbox (0.79999pt too wide) in paragraph at lines 227--228
[][] 
 []

<Images/voltIzqDrch.png, id=95, 218.8175pt x 218.8175pt>
File: Images/voltIzqDrch.png Graphic file (type png)
<use Images/voltIzqDrch.png>
Package pdftex.def Info: Images/voltIzqDrch.png  used on input line 232.
(pdftex.def)             Requested size: 108.56516pt x 108.56708pt.

Overfull \hbox (0.79999pt too wide) in paragraph at lines 232--233
[][] 
 []

<Images/voltIDAA.png, id=96, 217.81375pt x 218.8175pt>
File: Images/voltIDAA.png Graphic file (type png)
<use Images/voltIDAA.png>
Package pdftex.def Info: Images/voltIDAA.png  used on input line 237.
(pdftex.def)             Requested size: 108.56516pt x 109.06456pt.

Overfull \hbox (0.79999pt too wide) in paragraph at lines 237--238
[][] 
 []

File: Images/og.png Graphic file (type png)
<use Images/og.png>
Package pdftex.def Info: Images/og.png  used on input line 247.
(pdftex.def)             Requested size: 84.96216pt x 84.18172pt.

Overfull \hbox (0.79999pt too wide) in paragraph at lines 247--248
[][] 
 []

<Images/trasAbj.png, id=97, 218.8175pt x 217.81375pt>
File: Images/trasAbj.png Graphic file (type png)
<use Images/trasAbj.png>
Package pdftex.def Info: Images/trasAbj.png  used on input line 252.
(pdftex.def)             Requested size: 84.96216pt x 84.57144pt.

Overfull \hbox (0.79999pt too wide) in paragraph at lines 252--253
[][] 
 []

<Images/trasArr.png, id=98, 217.81375pt x 216.81pt>
File: Images/trasArr.png Graphic file (type png)
<use Images/trasArr.png>
Package pdftex.def Info: Images/trasArr.png  used on input line 257.
(pdftex.def)             Requested size: 84.96216pt x 84.56879pt.

Overfull \hbox (0.79999pt too wide) in paragraph at lines 257--258
[][] 
 []

<Images/trasIzq.png, id=99, 218.8175pt x 218.8175pt>
File: Images/trasIzq.png Graphic file (type png)
<use Images/trasIzq.png>
Package pdftex.def Info: Images/trasIzq.png  used on input line 262.
(pdftex.def)             Requested size: 84.96216pt x 84.96118pt.

Overfull \hbox (0.79999pt too wide) in paragraph at lines 262--263
[][] 
 []

<Images/trasDrch.png, id=100, 217.81375pt x 218.8175pt>
File: Images/trasDrch.png Graphic file (type png)
<use Images/trasDrch.png>
Package pdftex.def Info: Images/trasDrch.png  used on input line 267.
(pdftex.def)             Requested size: 84.96216pt x 85.35182pt.

Overfull \hbox (0.79999pt too wide) in paragraph at lines 267--268
[][] 
 []

File: Images/og.png Graphic file (type png)
<use Images/og.png>
Package pdftex.def Info: Images/og.png  used on input line 278.
(pdftex.def)             Requested size: 118.0078pt x 116.92677pt.

Overfull \hbox (0.79999pt too wide) in paragraph at lines 278--279
[][] 
 []

<Images/zoom.png, id=101, 217.81375pt x 217.81375pt>
File: Images/zoom.png Graphic file (type png)
<use Images/zoom.png>
Package pdftex.def Info: Images/zoom.png  used on input line 283.
(pdftex.def)             Requested size: 118.0078pt x 118.00652pt.

Overfull \hbox (0.79999pt too wide) in paragraph at lines 283--284
[][] 
 []


LaTeX Warning: `!h' float specifier changed to `!ht'.

[5 <./Images/og.png> <./Images/rot901.png> <./Images/rot902.png> <./Images/rot9
03.png> <./Images/voltArrAbj.png> <./Images/voltIzqDrch.png> <./Images/voltIDAA
.png> <./Images/trasAbj.png> <./Images/trasArr.png> <./Images/trasIzq.png> <./I
mages/trasDrch.png>]
<Images/kernel.png, id=119, 937.36337pt x 411.43813pt>
File: Images/kernel.png Graphic file (type png)
<use Images/kernel.png>
Package pdftex.def Info: Images/kernel.png  used on input line 321.
(pdftex.def)             Requested size: 472.03123pt x 207.1876pt.
 [6 <./Images/zoom.png>] [7 <./Images/kernel.png>]
<Images/CNN.png, id=138, 598.09656pt x 845.80821pt>
File: Images/CNN.png Graphic file (type png)
<use Images/CNN.png>
Package pdftex.def Info: Images/CNN.png  used on input line 360.
(pdftex.def)             Requested size: 472.03123pt x 667.52296pt.

Overfull \vbox (36.81674pt too high) has occurred while \output is active []


[8 <./Images/CNN.png>]
LaTeX Font Info:    Trying to load font information for T1+cmtt on input line 3
83.
 (/usr/share/texlive/texmf-dist/tex/latex/base/t1cmtt.fd
File: t1cmtt.fd 2019/12/16 v2.5j Standard LaTeX font definitions
)
<Images/ReLU.png, id=145, 342.28665pt x 254.08311pt>
File: Images/ReLU.png Graphic file (type png)
<use Images/ReLU.png>
Package pdftex.def Info: Images/ReLU.png  used on input line 412.
(pdftex.def)             Requested size: 199.16928pt x 147.84517pt.
[9 <./Images/ReLU.png>]
<Images/evaluacion.png, id=156, 382.42876pt x 269.005pt>
File: Images/evaluacion.png Graphic file (type png)
<use Images/evaluacion.png>
Package pdftex.def Info: Images/evaluacion.png  used on input line 430.
(pdftex.def)             Requested size: 312.9803pt x 220.16273pt.
 [10 <./Images/evaluacion.png>]

AED: lastpage setting LastPage
[11]
Package atveryend Info: Empty hook `BeforeClearDocument' on input line 455.
Package atveryend Info: Empty hook `AfterLastShipout' on input line 455.
 (./TrabajoFinalAA.aux
LaTeX Info: Redefining \. on input line 21.
LaTeX Info: Redefining \% on input line 21.
)
Package atveryend Info: Executing hook `AtVeryEndDocument' on input line 455.
Package atveryend Info: Executing hook `AtEndAfterFileList' on input line 455.
Package rerunfilecheck Info: File `TrabajoFinalAA.out' has not changed.
(rerunfilecheck)             Checksum: D08C4512F06E8CBE6F15EA4B49943FC1;308.
 ) 
Here is how much of TeX's memory you used:
 9932 strings out of 481239
 154057 string characters out of 5920377
 440874 words of memory out of 5000000
 24935 multiletter control sequences out of 15000+600000
 568138 words of font info for 52 fonts, out of 8000000 for 9000
 1141 hyphenation exceptions out of 8191
 55i,12n,96p,805b,597s stack positions out of 5000i,500n,10000p,200000b,80000s
{/usr/share/texmf/fonts/enc/dvips/cm-super/cm-super-t1.enc}{/usr/share/texliv
e/texmf-dist/fonts/enc/dvips/base/8r.enc}</usr/share/texlive/texmf-dist/fonts/t
ype1/public/amsfonts/cm/cmex10.pfb></usr/share/texlive/texmf-dist/fonts/type1/p
ublic/amsfonts/cm/cmmi10.pfb></usr/share/texlive/texmf-dist/fonts/type1/public/
amsfonts/cm/cmmi7.pfb></usr/share/texlive/texmf-dist/fonts/type1/public/amsfont
s/cm/cmr10.pfb></usr/share/texlive/texmf-dist/fonts/type1/public/amsfonts/cm/cm
sy10.pfb></usr/share/texmf/fonts/type1/public/cm-super/sftt1000.pfb></usr/share
/texlive/texmf-dist/fonts/type1/urw/helvetic/uhvb8a.pfb></usr/share/texlive/tex
mf-dist/fonts/type1/urw/helvetic/uhvbo8a.pfb></usr/share/texlive/texmf-dist/fon
ts/type1/urw/helvetic/uhvr8a.pfb></usr/share/texlive/texmf-dist/fonts/type1/urw
/helvetic/uhvro8a.pfb>
Output written on TrabajoFinalAA.pdf (11 pages, 4698954 bytes).
PDF statistics:
 215 PDF objects out of 1000 (max. 8388607)
 153 compressed objects within 2 object streams
 38 named destinations out of 1000 (max. 500000)
 154 words of extra memory for PDF output out of 10000 (max. 10000000)

